<?xml version="1.0" encoding="UTF-8" ?>
<testsuites errors="1"
            failures="1"
            tests="1">

  <testsuite name="with-page-objects.google"
    errors="1" failures="1" hostname="" id="" package="with-page-objects" skipped="0"
    tests="1" time="17.50" timestamp="">
  
    <testcase name="should find nightwatch.js in results" classname="with-page-objects.google" time="6.372" assertions="1">  <failure message="Timed out while waiting for element &lt;input[value=&#34;Google Search&#34;]&gt; to be visible for 1000 milliseconds. - expected &#34;visible&#34; but got: &#34;not visible&#34; (1092ms)">    at Page.submit (/home/knoldus/Documents/NightWatch-Practice/nightwatch/page-objects/google/search.js:17:10)
    at DescribeInstance.&lt;anonymous&gt; (/home/knoldus/Documents/NightWatch-Practice/nightwatch/examples/with-page-objects/google.js:20:14)</failure>

    
    <error message="Timed out while waiting for element &lt;input[value=&#34;Google Search&#34;]&gt; to be visible for 1000 milliseconds. - expected [32m&#34;visible&#34;[39m but got: [31m&#34;not visible&#34;[39m [90m(1092ms)[39m" type="error"><![CDATA[
    Error
    at Command.executeCommand (/home/knoldus/Documents/NightWatch-Practice/node_modules/nightwatch/dist/page-object/command-wrapper.js:235:26)
    at Page.waitForElementVisible (/home/knoldus/Documents/NightWatch-Practice/node_modules/nightwatch/dist/page-object/command-wrapper.js:72:33)
    at Page.submit (/home/knoldus/Documents/NightWatch-Practice/nightwatch/page-objects/google/search.js:17:10)
    at DescribeInstance.&lt;anonymous&gt; (/home/knoldus/Documents/NightWatch-Practice/nightwatch/examples/with-page-objects/google.js:20:14)
    at Context.call (/home/knoldus/Documents/NightWatch-Practice/node_modules/nightwatch/dist/testsuite/context.js:413:39)
    at TestCase.run (/home/knoldus/Documents/NightWatch-Practice/node_modules/nightwatch/dist/testsuite/testcase.js:50:39)
    at Runnable.__runFn (/home/knoldus/Documents/NightWatch-Practice/node_modules/nightwatch/dist/testsuite/index.js:647:84)
    at Runnable.run (/home/knoldus/Documents/NightWatch-Practice/node_modules/nightwatch/dist/testsuite/runnable.js:103:27)
    at TestSuite.executeRunnable (/home/knoldus/Documents/NightWatch-Practice/node_modules/nightwatch/dist/testsuite/index.js:776:55)
    at TestSuite.handleRunnable (/home/knoldus/Documents/NightWatch-Practice/node_modules/nightwatch/dist/testsuite/index.js:789:39)
    ]]></error>
    
    </testcase>
  

  
    <system-err>
       NoSuchElementError
   An element could not be located on the page using the given search parameters.

    Try fixing by :
    1. Please inspect the html before the step
    2. Verify if an element with the mentioned selector is present in the DOM tree

    Error location:
    /home/knoldus/Documents/NightWatch-Practice/nightwatch/examples/with-page-objects/google.js:
    –––––––––––––––––––––––––––––––––––––––––––––––––––––––––––––––––––––––––––––––––––––––––––––
     17 | 
     18 |   it(&#39;should find nightwatch.js in results&#39;, function(browser) {
     19 |     homePage.setValue(&#39;@searchBar&#39;, &#39;Nightwatch.js&#39;); 
     20 |     homePage.submit();
     21 | 
    –––––––––––––––––––––––––––––––––––––––––––––––––––––––––––––––––––––––––––––––––––––––––––––

    </system-err>
  

    

  
  </testsuite>
</testsuites>
